<?xml version="1.0" encoding="UTF-8"?>
<!-- Generated by org.testng.reporters.JUnitReportReporter -->
<testsuite hostname="Praveen" failures="0" tests="2" name="Tests.HomePageTest" time="11.419" errors="0" timestamp="2023-12-12T02:24:52 IST" skipped="0">
  <testcase classname="Tests.HomePageTest" name="Validate_HomePageOpenSuccessfully" time="3.238"/>
  <system-out/>
  <testcase classname="Tests.HomePageTest" name="UpdatingDataInTable" time="8.181"/>
  <system-out/>
</testsuite> <!-- Tests.HomePageTest -->
